<?xml version="1.0" encoding="UTF-8" ?>
<testsuite errors="0" failures="0" hostname="Anu-PC" name="vertailu.SolmuTest" skipped="0" tests="10" time="0.207" timestamp="2015-04-16T18:18:50">
  <properties>
[...]
</properties>
  <testcase classname="vertailu.SolmuTest" name="testGetVasenLapsi" time="0.004" />
  <testcase classname="vertailu.SolmuTest" name="testSetVasenLapsi" time="0.0" />
  <testcase classname="vertailu.SolmuTest" name="testGetOikeaLapsi" time="0.0" />
  <testcase classname="vertailu.SolmuTest" name="testSetOikeaLapsi" time="0.001" />
  <testcase classname="vertailu.SolmuTest" name="testGetVanhempi" time="0.001" />
  <testcase classname="vertailu.SolmuTest" name="testSetVanhempi" time="0.001" />
  <testcase classname="vertailu.SolmuTest" name="testCompareTo" time="0.001" />
  <testcase classname="vertailu.SolmuTest" name="testToString" time="0.001" />
  <testcase classname="vertailu.SolmuTest" name="testGetAvain" time="0.0" />
  <testcase classname="vertailu.SolmuTest" name="testSetAvain" time="0.001" />
  <system-out><![CDATA[getVasenLapsi
setVasenLapsi
getOikeaLapsi
setOikeaLapsi
getVanhempi
setVanhempi
compareTo
toString
3
getAvain
setAvain
]]></system-out>
  <system-err><![CDATA[]]></system-err>
</testsuite>
